0 verbose cli C:\Program Files\nodejs\node.exe C:\Users\user\AppData\Roaming\npm\node_modules\npm\bin\npm-cli.js
1 info using npm@11.7.0
2 info using node@v22.13.0
3 silly config load:file:C:\Users\user\AppData\Roaming\npm\node_modules\npm\npmrc
4 silly config load:file:C:\Users\user\Documents\Repo\pbd_rekod\.npmrc
5 silly config load:file:C:\Users\user\.npmrc
6 silly config load:file:C:\Users\user\AppData\Roaming\npm\etc\npmrc
7 verbose title npm install exceljs@^4.4.0
8 verbose argv "install" "exceljs@^4.4.0" "--package-lock-only"
9 verbose logfile logs-max:10 dir:C:\Users\user\Documents\Repo\pbd_rekod\.npm-cache\_logs\2026-02-19T09_56_02_408Z-
10 verbose logfile C:\Users\user\Documents\Repo\pbd_rekod\.npm-cache\_logs\2026-02-19T09_56_02_408Z-debug-0.log
11 silly logfile done cleaning log files
12 silly packumentCache heap:4345298944 maxSize:1086324736 maxEntrySize:543162368
13 silly idealTree buildDeps
14 silly fetch manifest exceljs@^4.4.0
15 silly packumentCache full:https://registry.npmjs.org/exceljs cache-miss
16 http fetch GET https://registry.npmjs.org/npm attempt 1 failed with EACCES
17 http fetch GET https://registry.npmjs.org/exceljs attempt 1 failed with EACCES
18 http fetch GET https://registry.npmjs.org/npm attempt 2 failed with EACCES
19 http fetch GET https://registry.npmjs.org/exceljs attempt 2 failed with EACCES
20 http fetch GET https://registry.npmjs.org/npm attempt 3 failed with EACCES
21 http fetch GET https://registry.npmjs.org/exceljs attempt 3 failed with EACCES
22 silly placeDep ROOT exceljs@ OK for: pbd_rekod@0.1.0 want: ^4.4.0
23 http cache https://registry.npmjs.org/@tailwindcss/oxide-wasm32-wasi/-/oxide-wasm32-wasi-4.2.0.tgz 1ms (cache hit)
24 silly tarball no local data for https://registry.npmjs.org/@tailwindcss/oxide-wasm32-wasi/-/oxide-wasm32-wasi-4.2.0.tgz. Extracting by manifest.
25 http fetch GET https://registry.npmjs.org/@tailwindcss/oxide-wasm32-wasi/-/oxide-wasm32-wasi-4.2.0.tgz attempt 1 failed with EACCES
26 http fetch GET https://registry.npmjs.org/@tailwindcss/oxide-wasm32-wasi/-/oxide-wasm32-wasi-4.2.0.tgz attempt 2 failed with EACCES
